<?xml version="1.0" encoding="UTF-8"?>
<!-- Generated by org.testng.reporters.JUnitReportReporter -->
<testsuite skipped="0" hostname="APPAN-PC" name="chaining.CapitalCity" tests="1" failures="0" timestamp="2020-07-18T15:54:11 IST" time="14.353" errors="0">
  <testcase name="getCapitalCity" time="14.353" classname="chaining.CapitalCity"/>
  <system-out/>
</testsuite> <!-- chaining.CapitalCity -->
