<?xml version="1.0" encoding="UTF-8"?>
<!-- Generated by org.testng.reporters.JUnitReportReporter -->
<testsuite skipped="0" hostname="APPAN-PC" name="data_driven_testing.POST_DataProvider" tests="6" failures="0" timestamp="2020-07-18T19:52:08 IST" time="16.396" errors="0">
  <testcase name="validateCapital" time="0.952" classname="data_driven_testing.POST_DataProvider"/>
  <system-out/>
  <testcase name="validateCapital" time="0.929" classname="data_driven_testing.POST_DataProvider"/>
  <system-out/>
  <testcase name="validateCapital" time="1.016" classname="data_driven_testing.POST_DataProvider"/>
  <system-out/>
  <testcase name="validateCapital" time="11.523" classname="data_driven_testing.POST_DataProvider"/>
  <system-out/>
  <testcase name="validateCapital" time="0.971" classname="data_driven_testing.POST_DataProvider"/>
  <system-out/>
  <testcase name="validateCapital" time="1.005" classname="data_driven_testing.POST_DataProvider"/>
  <system-out/>
</testsuite> <!-- data_driven_testing.POST_DataProvider -->
