<?xml version="1.0" encoding="UTF-8"?>
<!-- Generated by org.testng.reporters.JUnitReportReporter -->
<testsuite skipped="0" hostname="APPAN-PC" name="countryInfoService.CountryFlag" tests="1" failures="0" timestamp="2020-07-19T19:49:31 IST" time="25.054" errors="0">
  <testcase name="getCountryFlagImage" time="25.054" classname="countryInfoService.CountryFlag"/>
  <system-out/>
</testsuite> <!-- countryInfoService.CountryFlag -->
