<?xml version="1.0" encoding="UTF-8"?>
<!-- Generated by org.testng.reporters.JUnitReportReporter -->
<testsuite skipped="0" hostname="APPAN-PC" name="data_driven_testing.POST_ExcelData" tests="1" failures="0" timestamp="2020-07-18T19:27:23 IST" time="17.945" errors="0">
  <testcase name="validateCapital" time="17.945" classname="data_driven_testing.POST_ExcelData"/>
  <system-out/>
</testsuite> <!-- data_driven_testing.POST_ExcelData -->
