<?xml version="1.0" encoding="UTF-8"?>
<!-- Generated by org.testng.reporters.JUnitReportReporter -->
<testsuite skipped="0" hostname="APPAN-PC" name="countryInfoService.ListCountries" tests="1" failures="0" timestamp="2020-07-14T01:46:39 IST" time="11.447" errors="0">
  <testcase name="getCountries" time="11.447" classname="countryInfoService.ListCountries"/>
  <system-out/>
</testsuite> <!-- countryInfoService.ListCountries -->
