<?xml version="1.0" encoding="UTF-8"?>
<!-- Generated by org.testng.reporters.JUnitReportReporter -->
<testsuite skipped="0" hostname="APPAN-PC" name="countryInfoServices.CountryFlag" tests="1" failures="0" timestamp="2020-07-13T23:56:47 IST" time="28.092" errors="0">
  <testcase name="getCountryFlagImage" time="28.092" classname="countryInfoServices.CountryFlag"/>
  <system-out/>
</testsuite> <!-- countryInfoServices.CountryFlag -->
