<?xml version="1.0" encoding="UTF-8"?>
<!-- Generated by org.testng.reporters.JUnitReportReporter -->
<testsuite skipped="0" hostname="APPAN-PC" name="countryInfoService.CapitalCity" tests="1" failures="0" timestamp="2020-07-14T02:05:28 IST" time="11.094" errors="0">
  <testcase name="getCapitalCity" time="11.094" classname="countryInfoService.CapitalCity"/>
  <system-out/>
</testsuite> <!-- countryInfoService.CapitalCity -->
