<?xml version="1.0" encoding="UTF-8"?>
<!-- Generated by org.testng.reporters.JUnitReportReporter -->
<testsuite skipped="0" hostname="APPAN-PC" name="countryInfoServices.CountryISOCode" tests="1" failures="0" timestamp="2020-07-13T23:06:53 IST" time="11.389" errors="0">
  <testcase name="getCountryISOCode" time="11.389" classname="countryInfoServices.CountryISOCode"/>
  <system-out/>
</testsuite> <!-- countryInfoServices.CountryISOCode -->
