<?xml version="1.0" encoding="UTF-8"?>
<!-- Generated by org.testng.reporters.JUnitReportReporter -->
<testsuite skipped="0" hostname="APPAN-PC" name="countryInfoServices.CountryInfo" tests="1" failures="0" timestamp="2020-07-13T22:24:26 IST" time="11.716" errors="0">
  <testcase name="getCapitalCity" time="11.716" classname="countryInfoServices.CountryInfo"/>
  <system-out/>
</testsuite> <!-- countryInfoServices.CountryInfo -->
