<?xml version="1.0" encoding="UTF-8"?>
<!-- Generated by org.testng.reporters.JUnitReportReporter -->
<testsuite skipped="0" hostname="APPAN-PC" name="chaining.APIChaining" tests="1" failures="0" timestamp="2020-07-18T20:58:00 IST" time="11.208" errors="0">
  <testcase name="validateCapital" time="11.208" classname="chaining.APIChaining"/>
  <system-out/>
</testsuite> <!-- chaining.APIChaining -->
