<?xml version="1.0" encoding="UTF-8"?>
<!-- Generated by org.testng.reporters.JUnitReportReporter -->
<testsuite skipped="0" hostname="APPAN-PC" name="chaining.APIChaining_DataProvider" tests="6" failures="0" timestamp="2020-07-18T21:18:53 IST" time="20.743" errors="0">
  <testcase name="validateCapital" time="2.028" classname="chaining.APIChaining_DataProvider"/>
  <system-out/>
  <testcase name="validateCapital" time="11.359" classname="chaining.APIChaining_DataProvider"/>
  <system-out/>
  <testcase name="validateCapital" time="1.833" classname="chaining.APIChaining_DataProvider"/>
  <system-out/>
  <testcase name="validateCapital" time="1.758" classname="chaining.APIChaining_DataProvider"/>
  <system-out/>
  <testcase name="validateCapital" time="1.893" classname="chaining.APIChaining_DataProvider"/>
  <system-out/>
  <testcase name="validateCapital" time="1.872" classname="chaining.APIChaining_DataProvider"/>
  <system-out/>
</testsuite> <!-- chaining.APIChaining_DataProvider -->
