<?xml version="1.0" encoding="UTF-8"?>
<!-- Generated by org.testng.reporters.JUnitReportReporter -->
<testsuite skipped="0" hostname="APPAN-PC" name="countryInfoServices.ListCountries" tests="1" failures="0" timestamp="2020-07-14T01:27:22 IST" time="8.698" errors="0">
  <testcase name="getCountries" time="8.698" classname="countryInfoServices.ListCountries"/>
  <system-out/>
</testsuite> <!-- countryInfoServices.ListCountries -->
