<?xml version="1.0" encoding="UTF-8"?>
<!-- Generated by org.testng.reporters.JUnitReportReporter -->
<testsuite skipped="0" hostname="APPAN-PC" name="countryInfoServices.CountryCurrency" tests="1" failures="0" timestamp="2020-07-13T22:57:54 IST" time="10.627" errors="0">
  <testcase name="getCountryCurrency" time="10.627" classname="countryInfoServices.CountryCurrency"/>
  <system-out/>
</testsuite> <!-- countryInfoServices.CountryCurrency -->
