<?xml version="1.0" encoding="UTF-8"?>
<!-- Generated by org.testng.reporters.JUnitReportReporter -->
<testsuite skipped="0" hostname="APPAN-PC" name="countryInfoServices.CapitalCity" tests="1" failures="0" timestamp="2020-07-13T22:37:20 IST" time="10.796" errors="0">
  <testcase name="getCapitalCity" time="10.796" classname="countryInfoServices.CapitalCity"/>
  <system-out/>
</testsuite> <!-- countryInfoServices.CapitalCity -->
