<?xml version="1.0" encoding="UTF-8"?>
<!-- Generated by org.testng.reporters.JUnitReportReporter -->
<testsuite skipped="0" hostname="APPAN-PC" name="chaining.APIChaining_ExcelData" tests="1" failures="0" timestamp="2020-07-18T21:13:15 IST" time="22.420" errors="0">
  <testcase name="validateCapital" time="22.420" classname="chaining.APIChaining_ExcelData"/>
  <system-out/>
</testsuite> <!-- chaining.APIChaining_ExcelData -->
