<?xml version="1.0" encoding="UTF-8"?>
<!-- Generated by org.testng.reporters.JUnitReportReporter -->
<testsuite skipped="0" hostname="APPAN-PC" name="parameterization.VerifyCapitalCity" tests="1" failures="0" timestamp="2020-07-18T21:09:41 IST" time="10.997" errors="0">
  <testcase name="validateCapital" time="10.997" classname="parameterization.VerifyCapitalCity"/>
  <system-out/>
</testsuite> <!-- parameterization.VerifyCapitalCity -->
